<?xml version="1.0" encoding="UTF-8"?>
<!-- Generated by org.testng.reporters.JUnitReportReporter -->
<testsuite hostname="shweta" name="testsPackage.testClass" tests="15" failures="0" timestamp="23 Nov 2014 10:24:31 GMT" time="0.047" errors="0">
  <testcase name="shouldCheckTheLastContact" time="0.000" classname="testsPackage.testClass"/>
  <testcase name="shouldCheckThePositionOfCPUAttackers" time="0.000" classname="testsPackage.testClass"/>
  <testcase name="shouldCheckTheGoalsForCPUPlayer" time="0.000" classname="testsPackage.testClass"/>
  <testcase name="shouldCheckThePositionOfCPUDefenders" time="0.000" classname="testsPackage.testClass"/>
  <testcase name="shouldGamebeOn" time="0.000" classname="testsPackage.testClass"/>
  <testcase name="shouldCheckTheGap" time="0.000" classname="testsPackage.testClass"/>
  <testcase name="shouldReturnWidthOfTheFrame" time="0.000" classname="testsPackage.testClass"/>
  <testcase name="shouldReturnHeightOfTheFrame" time="0.000" classname="testsPackage.testClass"/>
  <testcase name="shouldCheckThePositionOfMidFielder" time="0.016" classname="testsPackage.testClass"/>
  <testcase name="shouldCheckTheGoalsForPlayer" time="0.000" classname="testsPackage.testClass"/>
  <testcase name="should" time="0.031" classname="testsPackage.testClass"/>
  <testcase name="testLogin" time="0.000" classname="testsPackage.testClass"/>
  <testcase name="shouldCheckThePositionOfDefenders" time="0.000" classname="testsPackage.testClass"/>
  <testcase name="shouldCheckThePositionOfAttackers" time="0.000" classname="testsPackage.testClass"/>
  <testcase name="shouldCheckThePositionOfCPUMidFielder" time="0.000" classname="testsPackage.testClass"/>
</testsuite> <!-- testsPackage.testClass -->
